<?xml version="1.0" encoding="UTF-8"?>
<testsuite name="com.landvibe.landlog.repository.MemoryMemberRepositoryTest" tests="3" skipped="0" failures="0" errors="0" timestamp="2024-08-14T17:16:32" hostname="bagsujiui-MacBookAir.local" time="0.052">
  <properties/>
  <testcase name="findAll()" classname="com.landvibe.landlog.repository.MemoryMemberRepositoryTest" time="0.044"/>
  <testcase name="findByName()" classname="com.landvibe.landlog.repository.MemoryMemberRepositoryTest" time="0.001"/>
  <testcase name="save()" classname="com.landvibe.landlog.repository.MemoryMemberRepositoryTest" time="0.001"/>
  <system-out><![CDATA[]]></system-out>
  <system-err><![CDATA[]]></system-err>
</testsuite>
