<?xml version="1.0" encoding="UTF-8"?>
<testsuite name="com.landvibe.landlog.repository.MemoryMemberRepositoryTest" tests="5" skipped="0" failures="0" errors="0" timestamp="2024-08-15T09:39:51" hostname="DESKTOP-5UK7RSB" time="0.13">
  <properties/>
  <testcase name="findAll()" classname="com.landvibe.landlog.repository.MemoryMemberRepositoryTest" time="0.113"/>
  <testcase name="findById()" classname="com.landvibe.landlog.repository.MemoryMemberRepositoryTest" time="0.002"/>
  <testcase name="findByName()" classname="com.landvibe.landlog.repository.MemoryMemberRepositoryTest" time="0.003"/>
  <testcase name="save()" classname="com.landvibe.landlog.repository.MemoryMemberRepositoryTest" time="0.002"/>
  <testcase name="findByEmail()" classname="com.landvibe.landlog.repository.MemoryMemberRepositoryTest" time="0.002"/>
  <system-out><![CDATA[]]></system-out>
  <system-err><![CDATA[]]></system-err>
</testsuite>
